-- The C compiler identification is GNU 11.3.0
-- The CXX compiler identification is GNU 11.3.0
-- Detecting C compiler ABI info
-- Detecting C compiler ABI info - done
-- Check for working C compiler: /usr/bin/cc - skipped
-- Detecting C compile features
-- Detecting C compile features - done
-- Detecting CXX compiler ABI info
-- Detecting CXX compiler ABI info - done
-- Check for working CXX compiler: /usr/bin/c++ - skipped
-- Detecting CXX compile features
-- Detecting CXX compile features - done
-- Found ament_cmake: 1.3.4 (/opt/ros/humble/share/ament_cmake/cmake)
-- Found Python3: /usr/bin/python3.10 (found version "3.10.6") found components: Interpreter 
-- Override CMake install command with custom implementation using symlinks instead of copying resources
-- Found ament_lint_auto: 0.12.6 (/opt/ros/humble/share/ament_lint_auto/cmake)
-- Added test 'flake8' to check Python code syntax and style conventions
-- Added test 'lint_cmake' to check CMake code style
-- Added test 'pep257' to check Python code against some of the docstring style conventions in PEP 257
-- Added test 'xmllint' to check XML markup files
-- Configuring done
-- Generating done
-- Build files have been written to: /home/unruly/testcm30082ros/build/start_rl_environment
-- Install configuration: ""
-- Execute custom install script
-- Symlinking: /home/unruly/testcm30082ros/install/start_rl_environment/share/ament_index/resource_index/package_run_dependencies/start_rl_environment
-- Symlinking: /home/unruly/testcm30082ros/install/start_rl_environment/share/ament_index/resource_index/parent_prefix_path/start_rl_environment
-- Symlinking: /home/unruly/testcm30082ros/install/start_rl_environment/share/start_rl_environment/environment/ament_prefix_path.sh
-- Symlinking: /home/unruly/testcm30082ros/install/start_rl_environment/share/start_rl_environment/environment/ament_prefix_path.dsv
-- Symlinking: /home/unruly/testcm30082ros/install/start_rl_environment/share/start_rl_environment/environment/path.sh
-- Symlinking: /home/unruly/testcm30082ros/install/start_rl_environment/share/start_rl_environment/environment/path.dsv
-- Symlinking: /home/unruly/testcm30082ros/install/start_rl_environment/share/start_rl_environment/local_setup.bash
-- Symlinking: /home/unruly/testcm30082ros/install/start_rl_environment/share/start_rl_environment/local_setup.sh
-- Symlinking: /home/unruly/testcm30082ros/install/start_rl_environment/share/start_rl_environment/local_setup.zsh
-- Symlinking: /home/unruly/testcm30082ros/install/start_rl_environment/share/start_rl_environment/local_setup.dsv
-- Symlinking: /home/unruly/testcm30082ros/install/start_rl_environment/share/start_rl_environment/package.dsv
-- Symlinking: /home/unruly/testcm30082ros/install/start_rl_environment/share/ament_index/resource_index/packages/start_rl_environment
-- Symlinking: /home/unruly/testcm30082ros/install/start_rl_environment/share/start_rl_environment/cmake/start_rl_environmentConfig.cmake
-- Symlinking: /home/unruly/testcm30082ros/install/start_rl_environment/share/start_rl_environment/cmake/start_rl_environmentConfig-version.cmake
-- Symlinking: /home/unruly/testcm30082ros/install/start_rl_environment/share/start_rl_environment/package.xml
