-- Found ament_cmake: 1.3.4 (/opt/ros/humble/share/ament_cmake/cmake)
-- Override CMake install command with custom implementation using symlinks instead of copying resources
-- Found ament_lint_auto: 0.12.6 (/opt/ros/humble/share/ament_lint_auto/cmake)
-- Added test 'flake8' to check Python code syntax and style conventions
-- Added test 'lint_cmake' to check CMake code style
-- Added test 'pep257' to check Python code against some of the docstring style conventions in PEP 257
-- Added test 'xmllint' to check XML markup files
-- Configuring done
-- Generating done
-- Build files have been written to: /home/unruly/testcm30082ros/build/start_rl_environment
-- Install configuration: ""
-- Execute custom install script
-- Up-to-date symlink: /home/unruly/testcm30082ros/install/start_rl_environment/share/ament_index/resource_index/package_run_dependencies/start_rl_environment
-- Up-to-date symlink: /home/unruly/testcm30082ros/install/start_rl_environment/share/ament_index/resource_index/parent_prefix_path/start_rl_environment
-- Up-to-date symlink: /home/unruly/testcm30082ros/install/start_rl_environment/share/start_rl_environment/environment/ament_prefix_path.sh
-- Up-to-date symlink: /home/unruly/testcm30082ros/install/start_rl_environment/share/start_rl_environment/environment/ament_prefix_path.dsv
-- Up-to-date symlink: /home/unruly/testcm30082ros/install/start_rl_environment/share/start_rl_environment/environment/path.sh
-- Up-to-date symlink: /home/unruly/testcm30082ros/install/start_rl_environment/share/start_rl_environment/environment/path.dsv
-- Up-to-date symlink: /home/unruly/testcm30082ros/install/start_rl_environment/share/start_rl_environment/local_setup.bash
-- Up-to-date symlink: /home/unruly/testcm30082ros/install/start_rl_environment/share/start_rl_environment/local_setup.sh
-- Up-to-date symlink: /home/unruly/testcm30082ros/install/start_rl_environment/share/start_rl_environment/local_setup.zsh
-- Up-to-date symlink: /home/unruly/testcm30082ros/install/start_rl_environment/share/start_rl_environment/local_setup.dsv
-- Symlinking: /home/unruly/testcm30082ros/install/start_rl_environment/share/start_rl_environment/package.dsv
-- Up-to-date symlink: /home/unruly/testcm30082ros/install/start_rl_environment/share/ament_index/resource_index/packages/start_rl_environment
-- Up-to-date symlink: /home/unruly/testcm30082ros/install/start_rl_environment/share/start_rl_environment/cmake/start_rl_environmentConfig.cmake
-- Up-to-date symlink: /home/unruly/testcm30082ros/install/start_rl_environment/share/start_rl_environment/cmake/start_rl_environmentConfig-version.cmake
-- Up-to-date symlink: /home/unruly/testcm30082ros/install/start_rl_environment/share/start_rl_environment/package.xml
