[0.011s] Invoking command in '/home/unruly/testcm30082ros/build/start_rl_environment': CMAKE_PREFIX_PATH=/opt/ros/humble /usr/bin/cmake --build /home/unruly/testcm30082ros/build/start_rl_environment -- -j12 -l12
[0.027s] -- Found ament_cmake: 1.3.4 (/opt/ros/humble/share/ament_cmake/cmake)
[0.132s] -- Override CMake install command with custom implementation using symlinks instead of copying resources
[0.138s] -- Found ament_lint_auto: 0.12.6 (/opt/ros/humble/share/ament_lint_auto/cmake)
[0.194s] -- Added test 'flake8' to check Python code syntax and style conventions
[0.195s] -- Added test 'lint_cmake' to check CMake code style
[0.195s] -- Added test 'pep257' to check Python code against some of the docstring style conventions in PEP 257
[0.197s] -- Added test 'xmllint' to check XML markup files
[0.198s] -- Configuring done
[0.200s] -- Generating done
[0.201s] -- Build files have been written to: /home/unruly/testcm30082ros/build/start_rl_environment
[0.216s] Invoked command in '/home/unruly/testcm30082ros/build/start_rl_environment' returned '0': CMAKE_PREFIX_PATH=/opt/ros/humble /usr/bin/cmake --build /home/unruly/testcm30082ros/build/start_rl_environment -- -j12 -l12
[0.240s] Invoking command in '/home/unruly/testcm30082ros/build/start_rl_environment': CMAKE_PREFIX_PATH=/opt/ros/humble /usr/bin/cmake --install /home/unruly/testcm30082ros/build/start_rl_environment
[0.245s] -- Install configuration: ""
[0.245s] -- Execute custom install script
[0.245s] -- Up-to-date symlink: /home/unruly/testcm30082ros/install/start_rl_environment/share/start_rl_environment/description/gazebo_control.xacro
[0.246s] -- Up-to-date symlink: /home/unruly/testcm30082ros/install/start_rl_environment/share/start_rl_environment/description/inertial_macros.xacro
[0.246s] -- Up-to-date symlink: /home/unruly/testcm30082ros/install/start_rl_environment/share/start_rl_environment/description/lidar.xacro
[0.246s] -- Up-to-date symlink: /home/unruly/testcm30082ros/install/start_rl_environment/share/start_rl_environment/description/robot.urdf.xacro
[0.246s] -- Up-to-date symlink: /home/unruly/testcm30082ros/install/start_rl_environment/share/start_rl_environment/description/robot_core.xacro
[0.246s] -- Up-to-date symlink: /home/unruly/testcm30082ros/install/start_rl_environment/share/start_rl_environment/launch/main_launch_sim.launch.py
[0.246s] -- Up-to-date symlink: /home/unruly/testcm30082ros/install/start_rl_environment/share/start_rl_environment/launch/spawn_robots.launch.py
[0.246s] -- Up-to-date symlink: /home/unruly/testcm30082ros/install/start_rl_environment/share/start_rl_environment/launch/start_robots.launch.py
[0.246s] -- Up-to-date symlink: /home/unruly/testcm30082ros/install/start_rl_environment/share/start_rl_environment/launch/start_world.launch.py
[0.246s] -- Up-to-date symlink: /home/unruly/testcm30082ros/install/start_rl_environment/share/start_rl_environment/worlds/map1.world
[0.247s] -- Up-to-date symlink: /home/unruly/testcm30082ros/install/start_rl_environment/share/start_rl_environment/worlds/map2.world
[0.247s] [31mCMake Error at ament_cmake_symlink_install/ament_cmake_symlink_install.cmake:100 (message):
[0.247s]   ament_cmake_symlink_install_directory() can't find
[0.247s]   '/home/unruly/testcm30082ros/src/start_rl_environment/modelss'
[0.247s] Call Stack (most recent call first):
[0.247s]   ament_cmake_symlink_install/ament_cmake_symlink_install.cmake:314 (ament_cmake_symlink_install_directory)
[0.247s]   cmake_install.cmake:46 (include)
[0.247s] 
[0.247s] [0m
[0.248s] Invoked command in '/home/unruly/testcm30082ros/build/start_rl_environment' returned '1': CMAKE_PREFIX_PATH=/opt/ros/humble /usr/bin/cmake --install /home/unruly/testcm30082ros/build/start_rl_environment
