-- Found ament_cmake: 1.3.4 (/opt/ros/humble/share/ament_cmake/cmake)
-- Override CMake install command with custom implementation using symlinks instead of copying resources
-- Found ament_lint_auto: 0.12.6 (/opt/ros/humble/share/ament_lint_auto/cmake)
-- Added test 'flake8' to check Python code syntax and style conventions
-- Added test 'lint_cmake' to check CMake code style
-- Added test 'pep257' to check Python code against some of the docstring style conventions in PEP 257
-- Added test 'xmllint' to check XML markup files
-- Configuring done
-- Generating done
-- Build files have been written to: /home/unruly/testcm30082ros/build/start_rl_environment
-- Install configuration: ""
-- Execute custom install script
-- Symlinking: /home/unruly/testcm30082ros/install/start_rl_environment/share/start_rl_environment/description/gazebo_control.xacro
-- Symlinking: /home/unruly/testcm30082ros/install/start_rl_environment/share/start_rl_environment/description/inertial_macros.xacro
-- Symlinking: /home/unruly/testcm30082ros/install/start_rl_environment/share/start_rl_environment/description/lidar.xacro
-- Symlinking: /home/unruly/testcm30082ros/install/start_rl_environment/share/start_rl_environment/description/robot.urdf.xacro
-- Symlinking: /home/unruly/testcm30082ros/install/start_rl_environment/share/start_rl_environment/description/robot_core.xacro
-- Symlinking: /home/unruly/testcm30082ros/install/start_rl_environment/share/start_rl_environment/launch/main_launch_sim.launch.py
-- Symlinking: /home/unruly/testcm30082ros/install/start_rl_environment/share/start_rl_environment/launch/spawn_robots.launch.py
-- Symlinking: /home/unruly/testcm30082ros/install/start_rl_environment/share/start_rl_environment/launch/start_robots.launch.py
-- Symlinking: /home/unruly/testcm30082ros/install/start_rl_environment/share/start_rl_environment/launch/start_world.launch.py
-- Symlinking: /home/unruly/testcm30082ros/install/start_rl_environment/share/start_rl_environment/worlds/map1.world
-- Symlinking: /home/unruly/testcm30082ros/install/start_rl_environment/share/start_rl_environment/worlds/map2.world
-- Symlinking: /home/unruly/testcm30082ros/install/start_rl_environment/share/start_rl_environment/models/cylinder_g/model.config
-- Symlinking: /home/unruly/testcm30082ros/install/start_rl_environment/share/start_rl_environment/models/cylinder_g/model.sdf
-- Symlinking: /home/unruly/testcm30082ros/install/start_rl_environment/share/start_rl_environment/models/goal_box/model.config
-- Symlinking: /home/unruly/testcm30082ros/install/start_rl_environment/share/start_rl_environment/models/goal_box/model.sdf
-- Symlinking: /home/unruly/testcm30082ros/install/start_rl_environment/share/start_rl_environment/models/grey_wall/materials/scripts/grey_wall.material
-- Symlinking: /home/unruly/testcm30082ros/install/start_rl_environment/share/start_rl_environment/models/grey_wall/materials/textures/grey_wall.png
-- Symlinking: /home/unruly/testcm30082ros/install/start_rl_environment/share/start_rl_environment/models/grey_wall/model-1_3.sdf
-- Symlinking: /home/unruly/testcm30082ros/install/start_rl_environment/share/start_rl_environment/models/grey_wall/model-1_4.sdf
-- Symlinking: /home/unruly/testcm30082ros/install/start_rl_environment/share/start_rl_environment/models/grey_wall/model.config
-- Symlinking: /home/unruly/testcm30082ros/install/start_rl_environment/share/start_rl_environment/models/grey_wall/model.sdf
-- Symlinking: /home/unruly/testcm30082ros/install/start_rl_environment/share/start_rl_environment/models/ground_plane/model-1_2.sdf
-- Symlinking: /home/unruly/testcm30082ros/install/start_rl_environment/share/start_rl_environment/models/ground_plane/model-1_3.sdf
-- Symlinking: /home/unruly/testcm30082ros/install/start_rl_environment/share/start_rl_environment/models/ground_plane/model-1_4.sdf
-- Symlinking: /home/unruly/testcm30082ros/install/start_rl_environment/share/start_rl_environment/models/ground_plane/model.config
-- Symlinking: /home/unruly/testcm30082ros/install/start_rl_environment/share/start_rl_environment/models/ground_plane/model.sdf
-- Up-to-date symlink: /home/unruly/testcm30082ros/install/start_rl_environment/share/ament_index/resource_index/package_run_dependencies/start_rl_environment
-- Up-to-date symlink: /home/unruly/testcm30082ros/install/start_rl_environment/share/ament_index/resource_index/parent_prefix_path/start_rl_environment
-- Up-to-date symlink: /home/unruly/testcm30082ros/install/start_rl_environment/share/start_rl_environment/environment/ament_prefix_path.sh
-- Up-to-date symlink: /home/unruly/testcm30082ros/install/start_rl_environment/share/start_rl_environment/environment/ament_prefix_path.dsv
-- Up-to-date symlink: /home/unruly/testcm30082ros/install/start_rl_environment/share/start_rl_environment/environment/path.sh
-- Up-to-date symlink: /home/unruly/testcm30082ros/install/start_rl_environment/share/start_rl_environment/environment/path.dsv
-- Up-to-date symlink: /home/unruly/testcm30082ros/install/start_rl_environment/share/start_rl_environment/local_setup.bash
-- Up-to-date symlink: /home/unruly/testcm30082ros/install/start_rl_environment/share/start_rl_environment/local_setup.sh
-- Up-to-date symlink: /home/unruly/testcm30082ros/install/start_rl_environment/share/start_rl_environment/local_setup.zsh
-- Up-to-date symlink: /home/unruly/testcm30082ros/install/start_rl_environment/share/start_rl_environment/local_setup.dsv
-- Symlinking: /home/unruly/testcm30082ros/install/start_rl_environment/share/start_rl_environment/package.dsv
-- Up-to-date symlink: /home/unruly/testcm30082ros/install/start_rl_environment/share/ament_index/resource_index/packages/start_rl_environment
-- Up-to-date symlink: /home/unruly/testcm30082ros/install/start_rl_environment/share/start_rl_environment/cmake/start_rl_environmentConfig.cmake
-- Up-to-date symlink: /home/unruly/testcm30082ros/install/start_rl_environment/share/start_rl_environment/cmake/start_rl_environmentConfig-version.cmake
-- Up-to-date symlink: /home/unruly/testcm30082ros/install/start_rl_environment/share/start_rl_environment/package.xml
