[0.282s] DEBUG:colcon:Command line arguments: ['/usr/bin/colcon', 'build', '--symlink-install']
[0.282s] DEBUG:colcon:Parsed command line arguments: Namespace(log_base=None, log_level=None, verb_name='build', build_base='build', install_base='install', merge_install=False, symlink_install=True, test_result_base=None, continue_on_error=False, executor='parallel', parallel_workers=12, event_handlers=None, ignore_user_meta=False, metas=['./colcon.meta'], base_paths=['.'], packages_ignore=None, packages_ignore_regex=None, paths=None, packages_up_to=None, packages_up_to_regex=None, packages_above=None, packages_above_and_dependencies=None, packages_above_depth=None, packages_select_by_dep=None, packages_skip_by_dep=None, packages_skip_up_to=None, packages_select_build_failed=False, packages_skip_build_finished=False, packages_select_test_failures=False, packages_skip_test_passed=False, packages_select=None, packages_skip=None, packages_select_regex=None, packages_skip_regex=None, packages_start=None, packages_end=None, allow_overriding=[], cmake_args=None, cmake_target=None, cmake_target_skip_unavailable=False, cmake_clean_cache=False, cmake_clean_first=False, cmake_force_configure=False, ament_cmake_args=None, catkin_cmake_args=None, catkin_skip_building_tests=False, verb_parser=<colcon_defaults.argument_parser.defaults.DefaultArgumentsDecorator object at 0x7f12d77bf400>, verb_extension=<colcon_core.verb.build.BuildVerb object at 0x7f12d8029510>, main=<bound method BuildVerb.main of <colcon_core.verb.build.BuildVerb object at 0x7f12d8029510>>)
[0.313s] Level 1:colcon.colcon_core.package_discovery:discover_packages(colcon_meta) check parameters
[0.313s] Level 1:colcon.colcon_core.package_discovery:discover_packages(recursive) check parameters
[0.313s] Level 1:colcon.colcon_core.package_discovery:discover_packages(ignore) check parameters
[0.313s] Level 1:colcon.colcon_core.package_discovery:discover_packages(path) check parameters
[0.313s] Level 1:colcon.colcon_core.package_discovery:discover_packages(colcon_meta) discover
[0.313s] Level 1:colcon.colcon_core.package_discovery:discover_packages(recursive) discover
[0.313s] INFO:colcon.colcon_core.package_discovery:Crawling recursively for packages in '/home/unruly/testcm30082ros'
[0.313s] Level 1:colcon.colcon_core.package_identification:_identify(.) by extensions ['ignore', 'ignore_ament_install']
[0.313s] Level 1:colcon.colcon_core.package_identification:_identify(.) by extension 'ignore'
[0.313s] Level 1:colcon.colcon_core.package_identification:_identify(.) by extension 'ignore_ament_install'
[0.313s] Level 1:colcon.colcon_core.package_identification:_identify(.) by extensions ['colcon_pkg']
[0.313s] Level 1:colcon.colcon_core.package_identification:_identify(.) by extension 'colcon_pkg'
[0.313s] Level 1:colcon.colcon_core.package_identification:_identify(.) by extensions ['colcon_meta']
[0.313s] Level 1:colcon.colcon_core.package_identification:_identify(.) by extension 'colcon_meta'
[0.313s] Level 1:colcon.colcon_core.package_identification:_identify(.) by extensions ['ros']
[0.313s] Level 1:colcon.colcon_core.package_identification:_identify(.) by extension 'ros'
[0.322s] Level 1:colcon.colcon_core.package_identification:_identify(.) by extensions ['cmake', 'python']
[0.322s] Level 1:colcon.colcon_core.package_identification:_identify(.) by extension 'cmake'
[0.322s] Level 1:colcon.colcon_core.package_identification:_identify(.) by extension 'python'
[0.322s] Level 1:colcon.colcon_core.package_identification:_identify(.) by extensions ['python_setup_py']
[0.322s] Level 1:colcon.colcon_core.package_identification:_identify(.) by extension 'python_setup_py'
[0.322s] Level 1:colcon.colcon_core.package_identification:_identify(build) by extensions ['ignore', 'ignore_ament_install']
[0.322s] Level 1:colcon.colcon_core.package_identification:_identify(build) by extension 'ignore'
[0.323s] Level 1:colcon.colcon_core.package_identification:_identify(build) ignored
[0.323s] Level 1:colcon.colcon_core.package_identification:_identify(install) by extensions ['ignore', 'ignore_ament_install']
[0.323s] Level 1:colcon.colcon_core.package_identification:_identify(install) by extension 'ignore'
[0.323s] Level 1:colcon.colcon_core.package_identification:_identify(install) ignored
[0.323s] Level 1:colcon.colcon_core.package_identification:_identify(log) by extensions ['ignore', 'ignore_ament_install']
[0.323s] Level 1:colcon.colcon_core.package_identification:_identify(log) by extension 'ignore'
[0.323s] Level 1:colcon.colcon_core.package_identification:_identify(log) ignored
[0.323s] Level 1:colcon.colcon_core.package_identification:_identify(src) by extensions ['ignore', 'ignore_ament_install']
[0.323s] Level 1:colcon.colcon_core.package_identification:_identify(src) by extension 'ignore'
[0.323s] Level 1:colcon.colcon_core.package_identification:_identify(src) by extension 'ignore_ament_install'
[0.323s] Level 1:colcon.colcon_core.package_identification:_identify(src) by extensions ['colcon_pkg']
[0.323s] Level 1:colcon.colcon_core.package_identification:_identify(src) by extension 'colcon_pkg'
[0.323s] Level 1:colcon.colcon_core.package_identification:_identify(src) by extensions ['colcon_meta']
[0.323s] Level 1:colcon.colcon_core.package_identification:_identify(src) by extension 'colcon_meta'
[0.323s] Level 1:colcon.colcon_core.package_identification:_identify(src) by extensions ['ros']
[0.323s] Level 1:colcon.colcon_core.package_identification:_identify(src) by extension 'ros'
[0.324s] Level 1:colcon.colcon_core.package_identification:_identify(src) by extensions ['cmake', 'python']
[0.324s] Level 1:colcon.colcon_core.package_identification:_identify(src) by extension 'cmake'
[0.324s] Level 1:colcon.colcon_core.package_identification:_identify(src) by extension 'python'
[0.324s] Level 1:colcon.colcon_core.package_identification:_identify(src) by extensions ['python_setup_py']
[0.324s] Level 1:colcon.colcon_core.package_identification:_identify(src) by extension 'python_setup_py'
[0.324s] Level 1:colcon.colcon_core.package_identification:_identify(src/start_reinforcement_learning) by extensions ['ignore', 'ignore_ament_install']
[0.324s] Level 1:colcon.colcon_core.package_identification:_identify(src/start_reinforcement_learning) by extension 'ignore'
[0.324s] Level 1:colcon.colcon_core.package_identification:_identify(src/start_reinforcement_learning) by extension 'ignore_ament_install'
[0.324s] Level 1:colcon.colcon_core.package_identification:_identify(src/start_reinforcement_learning) by extensions ['colcon_pkg']
[0.324s] Level 1:colcon.colcon_core.package_identification:_identify(src/start_reinforcement_learning) by extension 'colcon_pkg'
[0.324s] Level 1:colcon.colcon_core.package_identification:_identify(src/start_reinforcement_learning) by extensions ['colcon_meta']
[0.324s] Level 1:colcon.colcon_core.package_identification:_identify(src/start_reinforcement_learning) by extension 'colcon_meta'
[0.324s] Level 1:colcon.colcon_core.package_identification:_identify(src/start_reinforcement_learning) by extensions ['ros']
[0.324s] Level 1:colcon.colcon_core.package_identification:_identify(src/start_reinforcement_learning) by extension 'ros'
[0.325s] DEBUG:colcon.colcon_core.package_identification:Failed to parse potential ROS package manifest in'src/start_reinforcement_learning': Error(s) in package 'src/start_reinforcement_learning/package.xml':
The manifest contains invalid XML:
mismatched tag: line 14, column 17
[0.325s] Level 1:colcon.colcon_core.package_identification:_identify(src/start_reinforcement_learning) by extensions ['cmake', 'python']
[0.325s] Level 1:colcon.colcon_core.package_identification:_identify(src/start_reinforcement_learning) by extension 'cmake'
[0.325s] Level 1:colcon.colcon_core.package_identification:_identify(src/start_reinforcement_learning) by extension 'python'
[0.325s] DEBUG:colcon.colcon_core.package_identification:Python package in 'src/start_reinforcement_learning' passes arguments to the setup() function which requires a different identification extension than 'python'
[0.325s] Level 1:colcon.colcon_core.package_identification:_identify(src/start_reinforcement_learning) by extensions ['python_setup_py']
[0.325s] Level 1:colcon.colcon_core.package_identification:_identify(src/start_reinforcement_learning) by extension 'python_setup_py'
[0.515s] DEBUG:colcon.colcon_core.package_identification:Package 'src/start_reinforcement_learning' with type 'python' and name 'start_reinforcement_learning'
[0.515s] Level 1:colcon.colcon_core.package_identification:_identify(src/start_rl_environment) by extensions ['ignore', 'ignore_ament_install']
[0.516s] Level 1:colcon.colcon_core.package_identification:_identify(src/start_rl_environment) by extension 'ignore'
[0.516s] Level 1:colcon.colcon_core.package_identification:_identify(src/start_rl_environment) by extension 'ignore_ament_install'
[0.516s] Level 1:colcon.colcon_core.package_identification:_identify(src/start_rl_environment) by extensions ['colcon_pkg']
[0.516s] Level 1:colcon.colcon_core.package_identification:_identify(src/start_rl_environment) by extension 'colcon_pkg'
[0.516s] Level 1:colcon.colcon_core.package_identification:_identify(src/start_rl_environment) by extensions ['colcon_meta']
[0.516s] Level 1:colcon.colcon_core.package_identification:_identify(src/start_rl_environment) by extension 'colcon_meta'
[0.516s] Level 1:colcon.colcon_core.package_identification:_identify(src/start_rl_environment) by extensions ['ros']
[0.516s] Level 1:colcon.colcon_core.package_identification:_identify(src/start_rl_environment) by extension 'ros'
[0.517s] DEBUG:colcon.colcon_core.package_identification:Package 'src/start_rl_environment' with type 'ros.ament_cmake' and name 'start_rl_environment'
[0.517s] Level 1:colcon.colcon_core.package_discovery:discover_packages(recursive) using defaults
[0.518s] Level 1:colcon.colcon_core.package_discovery:discover_packages(ignore) discover
[0.518s] Level 1:colcon.colcon_core.package_discovery:discover_packages(ignore) using defaults
[0.518s] Level 1:colcon.colcon_core.package_discovery:discover_packages(path) discover
[0.518s] Level 1:colcon.colcon_core.package_discovery:discover_packages(path) using defaults
[0.535s] Level 1:colcon.colcon_core.package_discovery:discover_packages(prefix_path) check parameters
[0.536s] Level 1:colcon.colcon_core.package_discovery:discover_packages(prefix_path) discover
[0.537s] DEBUG:colcon.colcon_installed_package_information.package_discovery:Found 2 installed packages in /home/unruly/testcm30082ros/install
[0.539s] DEBUG:colcon.colcon_installed_package_information.package_discovery:Found 279 installed packages in /opt/ros/humble
[0.540s] Level 1:colcon.colcon_core.package_discovery:discover_packages(prefix_path) using defaults
[0.588s] Level 5:colcon.colcon_core.verb:set package 'start_reinforcement_learning' build argument 'cmake_args' from command line to 'None'
[0.588s] Level 5:colcon.colcon_core.verb:set package 'start_reinforcement_learning' build argument 'cmake_target' from command line to 'None'
[0.588s] Level 5:colcon.colcon_core.verb:set package 'start_reinforcement_learning' build argument 'cmake_target_skip_unavailable' from command line to 'False'
[0.588s] Level 5:colcon.colcon_core.verb:set package 'start_reinforcement_learning' build argument 'cmake_clean_cache' from command line to 'False'
[0.588s] Level 5:colcon.colcon_core.verb:set package 'start_reinforcement_learning' build argument 'cmake_clean_first' from command line to 'False'
[0.588s] Level 5:colcon.colcon_core.verb:set package 'start_reinforcement_learning' build argument 'cmake_force_configure' from command line to 'False'
[0.588s] Level 5:colcon.colcon_core.verb:set package 'start_reinforcement_learning' build argument 'ament_cmake_args' from command line to 'None'
[0.588s] Level 5:colcon.colcon_core.verb:set package 'start_reinforcement_learning' build argument 'catkin_cmake_args' from command line to 'None'
[0.588s] Level 5:colcon.colcon_core.verb:set package 'start_reinforcement_learning' build argument 'catkin_skip_building_tests' from command line to 'False'
[0.588s] DEBUG:colcon.colcon_core.verb:Building package 'start_reinforcement_learning' with the following arguments: {'ament_cmake_args': None, 'build_base': '/home/unruly/testcm30082ros/build/start_reinforcement_learning', 'catkin_cmake_args': None, 'catkin_skip_building_tests': False, 'cmake_args': None, 'cmake_clean_cache': False, 'cmake_clean_first': False, 'cmake_force_configure': False, 'cmake_target': None, 'cmake_target_skip_unavailable': False, 'install_base': '/home/unruly/testcm30082ros/install/start_reinforcement_learning', 'merge_install': False, 'path': '/home/unruly/testcm30082ros/src/start_reinforcement_learning', 'symlink_install': True, 'test_result_base': None}
[0.589s] Level 5:colcon.colcon_core.verb:set package 'start_rl_environment' build argument 'cmake_args' from command line to 'None'
[0.589s] Level 5:colcon.colcon_core.verb:set package 'start_rl_environment' build argument 'cmake_target' from command line to 'None'
[0.589s] Level 5:colcon.colcon_core.verb:set package 'start_rl_environment' build argument 'cmake_target_skip_unavailable' from command line to 'False'
[0.589s] Level 5:colcon.colcon_core.verb:set package 'start_rl_environment' build argument 'cmake_clean_cache' from command line to 'False'
[0.589s] Level 5:colcon.colcon_core.verb:set package 'start_rl_environment' build argument 'cmake_clean_first' from command line to 'False'
[0.589s] Level 5:colcon.colcon_core.verb:set package 'start_rl_environment' build argument 'cmake_force_configure' from command line to 'False'
[0.589s] Level 5:colcon.colcon_core.verb:set package 'start_rl_environment' build argument 'ament_cmake_args' from command line to 'None'
[0.589s] Level 5:colcon.colcon_core.verb:set package 'start_rl_environment' build argument 'catkin_cmake_args' from command line to 'None'
[0.589s] Level 5:colcon.colcon_core.verb:set package 'start_rl_environment' build argument 'catkin_skip_building_tests' from command line to 'False'
[0.589s] DEBUG:colcon.colcon_core.verb:Building package 'start_rl_environment' with the following arguments: {'ament_cmake_args': None, 'build_base': '/home/unruly/testcm30082ros/build/start_rl_environment', 'catkin_cmake_args': None, 'catkin_skip_building_tests': False, 'cmake_args': None, 'cmake_clean_cache': False, 'cmake_clean_first': False, 'cmake_force_configure': False, 'cmake_target': None, 'cmake_target_skip_unavailable': False, 'install_base': '/home/unruly/testcm30082ros/install/start_rl_environment', 'merge_install': False, 'path': '/home/unruly/testcm30082ros/src/start_rl_environment', 'symlink_install': True, 'test_result_base': None}
[0.590s] INFO:colcon.colcon_core.executor:Executing jobs using 'parallel' executor
[0.592s] DEBUG:colcon.colcon_parallel_executor.executor.parallel:run_until_complete
[0.593s] INFO:colcon.colcon_core.task.python.build:Building Python package in '/home/unruly/testcm30082ros/src/start_reinforcement_learning'
[0.596s] INFO:colcon.colcon_core.plugin_system:Skipping extension 'colcon_core.shell.bat': Not used on non-Windows systems
[0.597s] INFO:colcon.colcon_core.shell:Skip shell extension 'powershell' for command environment: Not usable outside of PowerShell
[0.597s] DEBUG:colcon.colcon_core.shell:Skip shell extension 'dsv' for command environment
[0.600s] INFO:colcon.colcon_ros.task.ament_cmake.build:Building ROS package in '/home/unruly/testcm30082ros/src/start_rl_environment' with build type 'ament_cmake'
[0.600s] INFO:colcon.colcon_cmake.task.cmake.build:Building CMake package in '/home/unruly/testcm30082ros/src/start_rl_environment'
[0.601s] INFO:colcon.colcon_core.shell:Skip shell extension 'powershell' for command environment: Not usable outside of PowerShell
[0.601s] DEBUG:colcon.colcon_core.shell:Skip shell extension 'dsv' for command environment
[0.808s] DEBUG:colcon.colcon_core.event_handler.log_command:Invoking command in '/home/unruly/testcm30082ros/build/start_rl_environment': CMAKE_PREFIX_PATH=${CMAKE_PREFIX_PATH}:/home/unruly/testcm30082ros/install/start_reinforcement_learning:/opt/ros/humble /usr/bin/cmake --build /home/unruly/testcm30082ros/build/start_rl_environment -- -j12 -l12
[0.840s] DEBUG:colcon.colcon_core.event_handler.log_command:Invoked command in '/home/unruly/testcm30082ros/build/start_rl_environment' returned '0': CMAKE_PREFIX_PATH=${CMAKE_PREFIX_PATH}:/home/unruly/testcm30082ros/install/start_reinforcement_learning:/opt/ros/humble /usr/bin/cmake --build /home/unruly/testcm30082ros/build/start_rl_environment -- -j12 -l12
[0.866s] DEBUG:colcon.colcon_core.event_handler.log_command:Invoking command in '/home/unruly/testcm30082ros/build/start_rl_environment': CMAKE_PREFIX_PATH=${CMAKE_PREFIX_PATH}:/home/unruly/testcm30082ros/install/start_reinforcement_learning:/opt/ros/humble /usr/bin/cmake --install /home/unruly/testcm30082ros/build/start_rl_environment
[0.889s] Level 1:colcon.colcon_core.environment:create_environment_scripts_only(start_rl_environment)
[0.889s] DEBUG:colcon.colcon_core.event_handler.log_command:Invoked command in '/home/unruly/testcm30082ros/build/start_rl_environment' returned '0': CMAKE_PREFIX_PATH=${CMAKE_PREFIX_PATH}:/home/unruly/testcm30082ros/install/start_reinforcement_learning:/opt/ros/humble /usr/bin/cmake --install /home/unruly/testcm30082ros/build/start_rl_environment
[0.894s] Level 1:colcon.colcon_core.environment:checking '/home/unruly/testcm30082ros/install/start_rl_environment' for CMake module files
[0.894s] Level 1:colcon.colcon_core.environment:checking '/home/unruly/testcm30082ros/install/start_rl_environment' for CMake config files
[0.895s] Level 1:colcon.colcon_core.shell:create_environment_hook('start_rl_environment', 'cmake_prefix_path')
[0.896s] INFO:colcon.colcon_core.shell:Creating environment hook '/home/unruly/testcm30082ros/install/start_rl_environment/share/start_rl_environment/hook/cmake_prefix_path.ps1'
[0.897s] INFO:colcon.colcon_core.shell:Creating environment descriptor '/home/unruly/testcm30082ros/install/start_rl_environment/share/start_rl_environment/hook/cmake_prefix_path.dsv'
[0.897s] INFO:colcon.colcon_core.shell:Creating environment hook '/home/unruly/testcm30082ros/install/start_rl_environment/share/start_rl_environment/hook/cmake_prefix_path.sh'
[0.898s] Level 1:colcon.colcon_core.environment:checking '/home/unruly/testcm30082ros/install/start_rl_environment/bin'
[0.898s] Level 1:colcon.colcon_core.environment:checking '/home/unruly/testcm30082ros/install/start_rl_environment/lib/pkgconfig/start_rl_environment.pc'
[0.898s] Level 1:colcon.colcon_core.environment:checking '/home/unruly/testcm30082ros/install/start_rl_environment/lib/python3.10/site-packages'
[0.898s] Level 1:colcon.colcon_core.environment:checking '/home/unruly/testcm30082ros/install/start_rl_environment/bin'
[0.900s] INFO:colcon.colcon_core.shell:Creating package script '/home/unruly/testcm30082ros/install/start_rl_environment/share/start_rl_environment/package.ps1'
[0.901s] INFO:colcon.colcon_core.shell:Creating package descriptor '/home/unruly/testcm30082ros/install/start_rl_environment/share/start_rl_environment/package.dsv'
[0.901s] INFO:colcon.colcon_core.shell:Creating package script '/home/unruly/testcm30082ros/install/start_rl_environment/share/start_rl_environment/package.sh'
[0.902s] INFO:colcon.colcon_core.shell:Creating package script '/home/unruly/testcm30082ros/install/start_rl_environment/share/start_rl_environment/package.bash'
[0.902s] INFO:colcon.colcon_core.shell:Creating package script '/home/unruly/testcm30082ros/install/start_rl_environment/share/start_rl_environment/package.zsh'
[0.903s] Level 1:colcon.colcon_core.environment:create_file_with_runtime_dependencies(/home/unruly/testcm30082ros/install/start_rl_environment/share/colcon-core/packages/start_rl_environment)
[0.924s] Level 1:colcon.colcon_core.environment:create_environment_scripts_only(start_rl_environment)
[0.926s] Level 1:colcon.colcon_core.environment:checking '/home/unruly/testcm30082ros/install/start_rl_environment' for CMake module files
[0.926s] Level 1:colcon.colcon_core.environment:checking '/home/unruly/testcm30082ros/install/start_rl_environment' for CMake config files
[0.926s] Level 1:colcon.colcon_core.shell:create_environment_hook('start_rl_environment', 'cmake_prefix_path')
[0.927s] INFO:colcon.colcon_core.shell:Creating environment hook '/home/unruly/testcm30082ros/install/start_rl_environment/share/start_rl_environment/hook/cmake_prefix_path.ps1'
[0.928s] INFO:colcon.colcon_core.shell:Creating environment descriptor '/home/unruly/testcm30082ros/install/start_rl_environment/share/start_rl_environment/hook/cmake_prefix_path.dsv'
[0.928s] INFO:colcon.colcon_core.shell:Creating environment hook '/home/unruly/testcm30082ros/install/start_rl_environment/share/start_rl_environment/hook/cmake_prefix_path.sh'
[0.928s] Level 1:colcon.colcon_core.environment:checking '/home/unruly/testcm30082ros/install/start_rl_environment/bin'
[0.928s] Level 1:colcon.colcon_core.environment:checking '/home/unruly/testcm30082ros/install/start_rl_environment/lib/pkgconfig/start_rl_environment.pc'
[0.929s] Level 1:colcon.colcon_core.environment:checking '/home/unruly/testcm30082ros/install/start_rl_environment/lib/python3.10/site-packages'
[0.929s] Level 1:colcon.colcon_core.environment:checking '/home/unruly/testcm30082ros/install/start_rl_environment/bin'
[0.930s] INFO:colcon.colcon_core.shell:Creating package script '/home/unruly/testcm30082ros/install/start_rl_environment/share/start_rl_environment/package.ps1'
[0.930s] INFO:colcon.colcon_core.shell:Creating package descriptor '/home/unruly/testcm30082ros/install/start_rl_environment/share/start_rl_environment/package.dsv'
[0.931s] INFO:colcon.colcon_core.shell:Creating package script '/home/unruly/testcm30082ros/install/start_rl_environment/share/start_rl_environment/package.sh'
[0.931s] INFO:colcon.colcon_core.shell:Creating package script '/home/unruly/testcm30082ros/install/start_rl_environment/share/start_rl_environment/package.bash'
[0.931s] INFO:colcon.colcon_core.shell:Creating package script '/home/unruly/testcm30082ros/install/start_rl_environment/share/start_rl_environment/package.zsh'
[0.932s] Level 1:colcon.colcon_core.environment:create_file_with_runtime_dependencies(/home/unruly/testcm30082ros/install/start_rl_environment/share/colcon-core/packages/start_rl_environment)
[1.078s] DEBUG:colcon.colcon_core.event_handler.log_command:Invoking command in '/home/unruly/testcm30082ros/build/start_reinforcement_learning': PYTHONPATH=/home/unruly/testcm30082ros/build/start_reinforcement_learning/prefix_override:/home/unruly/testcm30082ros/install/start_reinforcement_learning/lib/python3.10/site-packages:${PYTHONPATH} /usr/bin/python3 setup.py develop --editable --build-directory /home/unruly/testcm30082ros/build/start_reinforcement_learning/build --no-deps install_data
[1.430s] Level 1:colcon.colcon_core.shell:create_environment_hook('start_reinforcement_learning', 'pythonpath_develop')
[1.431s] INFO:colcon.colcon_core.shell:Creating environment hook '/home/unruly/testcm30082ros/build/start_reinforcement_learning/share/start_reinforcement_learning/hook/pythonpath_develop.ps1'
[1.431s] DEBUG:colcon.colcon_core.event_handler.log_command:Invoked command in '/home/unruly/testcm30082ros/build/start_reinforcement_learning' returned '0': PYTHONPATH=/home/unruly/testcm30082ros/build/start_reinforcement_learning/prefix_override:/home/unruly/testcm30082ros/install/start_reinforcement_learning/lib/python3.10/site-packages:${PYTHONPATH} /usr/bin/python3 setup.py develop --editable --build-directory /home/unruly/testcm30082ros/build/start_reinforcement_learning/build --no-deps install_data
[1.431s] INFO:colcon.colcon_core.shell:Creating environment descriptor '/home/unruly/testcm30082ros/build/start_reinforcement_learning/share/start_reinforcement_learning/hook/pythonpath_develop.dsv'
[1.432s] INFO:colcon.colcon_core.shell:Creating environment hook '/home/unruly/testcm30082ros/build/start_reinforcement_learning/share/start_reinforcement_learning/hook/pythonpath_develop.sh'
[1.433s] Level 1:colcon.colcon_core.environment:checking '/home/unruly/testcm30082ros/install/start_reinforcement_learning' for CMake module files
[1.434s] Level 1:colcon.colcon_core.environment:checking '/home/unruly/testcm30082ros/install/start_reinforcement_learning' for CMake config files
[1.434s] Level 1:colcon.colcon_core.environment:checking '/home/unruly/testcm30082ros/install/start_reinforcement_learning/lib'
[1.434s] Level 1:colcon.colcon_core.environment:checking '/home/unruly/testcm30082ros/install/start_reinforcement_learning/bin'
[1.434s] Level 1:colcon.colcon_core.environment:checking '/home/unruly/testcm30082ros/install/start_reinforcement_learning/lib/pkgconfig/start_reinforcement_learning.pc'
[1.434s] Level 1:colcon.colcon_core.environment:checking '/home/unruly/testcm30082ros/install/start_reinforcement_learning/lib/python3.10/site-packages'
[1.434s] Level 1:colcon.colcon_core.shell:create_environment_hook('start_reinforcement_learning', 'pythonpath')
[1.435s] INFO:colcon.colcon_core.shell:Creating environment hook '/home/unruly/testcm30082ros/install/start_reinforcement_learning/share/start_reinforcement_learning/hook/pythonpath.ps1'
[1.436s] INFO:colcon.colcon_core.shell:Creating environment descriptor '/home/unruly/testcm30082ros/install/start_reinforcement_learning/share/start_reinforcement_learning/hook/pythonpath.dsv'
[1.436s] INFO:colcon.colcon_core.shell:Creating environment hook '/home/unruly/testcm30082ros/install/start_reinforcement_learning/share/start_reinforcement_learning/hook/pythonpath.sh'
[1.436s] Level 1:colcon.colcon_core.environment:checking '/home/unruly/testcm30082ros/install/start_reinforcement_learning/bin'
[1.436s] Level 1:colcon.colcon_core.environment:create_environment_scripts_only(start_reinforcement_learning)
[1.437s] INFO:colcon.colcon_core.shell:Creating package script '/home/unruly/testcm30082ros/install/start_reinforcement_learning/share/start_reinforcement_learning/package.ps1'
[1.438s] INFO:colcon.colcon_core.shell:Creating package descriptor '/home/unruly/testcm30082ros/install/start_reinforcement_learning/share/start_reinforcement_learning/package.dsv'
[1.438s] INFO:colcon.colcon_core.shell:Creating package script '/home/unruly/testcm30082ros/install/start_reinforcement_learning/share/start_reinforcement_learning/package.sh'
[1.438s] INFO:colcon.colcon_core.shell:Creating package script '/home/unruly/testcm30082ros/install/start_reinforcement_learning/share/start_reinforcement_learning/package.bash'
[1.439s] INFO:colcon.colcon_core.shell:Creating package script '/home/unruly/testcm30082ros/install/start_reinforcement_learning/share/start_reinforcement_learning/package.zsh'
[1.439s] Level 1:colcon.colcon_core.environment:create_file_with_runtime_dependencies(/home/unruly/testcm30082ros/install/start_reinforcement_learning/share/colcon-core/packages/start_reinforcement_learning)
[1.439s] DEBUG:colcon.colcon_parallel_executor.executor.parallel:closing loop
[1.439s] DEBUG:colcon.colcon_parallel_executor.executor.parallel:loop closed
[1.440s] DEBUG:colcon.colcon_parallel_executor.executor.parallel:run_until_complete finished with '0'
[1.440s] DEBUG:colcon.colcon_core.event_reactor:joining thread
[1.445s] INFO:colcon.colcon_core.plugin_system:Skipping extension 'colcon_notification.desktop_notification.terminal_notifier': Not used on non-Darwin systems
[1.445s] INFO:colcon.colcon_core.plugin_system:Skipping extension 'colcon_notification.desktop_notification.win32': Not used on non-Windows systems
[1.445s] INFO:colcon.colcon_notification.desktop_notification:Sending desktop notification using 'notify2'
[1.458s] DEBUG:colcon.colcon_core.event_reactor:joined thread
[1.459s] INFO:colcon.colcon_core.shell:Creating prefix script '/home/unruly/testcm30082ros/install/local_setup.ps1'
[1.460s] INFO:colcon.colcon_core.shell:Creating prefix util module '/home/unruly/testcm30082ros/install/_local_setup_util_ps1.py'
[1.461s] INFO:colcon.colcon_core.shell:Creating prefix chain script '/home/unruly/testcm30082ros/install/setup.ps1'
[1.462s] INFO:colcon.colcon_core.shell:Creating prefix script '/home/unruly/testcm30082ros/install/local_setup.sh'
[1.463s] INFO:colcon.colcon_core.shell:Creating prefix util module '/home/unruly/testcm30082ros/install/_local_setup_util_sh.py'
[1.463s] INFO:colcon.colcon_core.shell:Creating prefix chain script '/home/unruly/testcm30082ros/install/setup.sh'
[1.464s] INFO:colcon.colcon_core.shell:Creating prefix script '/home/unruly/testcm30082ros/install/local_setup.bash'
[1.465s] INFO:colcon.colcon_core.shell:Creating prefix chain script '/home/unruly/testcm30082ros/install/setup.bash'
[1.466s] INFO:colcon.colcon_core.shell:Creating prefix script '/home/unruly/testcm30082ros/install/local_setup.zsh'
[1.466s] INFO:colcon.colcon_core.shell:Creating prefix chain script '/home/unruly/testcm30082ros/install/setup.zsh'
