[0.253s] DEBUG:colcon:Command line arguments: ['/usr/bin/colcon', 'build', '--symlink-install']
[0.253s] DEBUG:colcon:Parsed command line arguments: Namespace(log_base=None, log_level=None, verb_name='build', build_base='build', install_base='install', merge_install=False, symlink_install=True, test_result_base=None, continue_on_error=False, executor='parallel', parallel_workers=12, event_handlers=None, ignore_user_meta=False, metas=['./colcon.meta'], base_paths=['.'], packages_ignore=None, packages_ignore_regex=None, paths=None, packages_up_to=None, packages_up_to_regex=None, packages_above=None, packages_above_and_dependencies=None, packages_above_depth=None, packages_select_by_dep=None, packages_skip_by_dep=None, packages_skip_up_to=None, packages_select_build_failed=False, packages_skip_build_finished=False, packages_select_test_failures=False, packages_skip_test_passed=False, packages_select=None, packages_skip=None, packages_select_regex=None, packages_skip_regex=None, packages_start=None, packages_end=None, allow_overriding=[], cmake_args=None, cmake_target=None, cmake_target_skip_unavailable=False, cmake_clean_cache=False, cmake_clean_first=False, cmake_force_configure=False, ament_cmake_args=None, catkin_cmake_args=None, catkin_skip_building_tests=False, verb_parser=<colcon_defaults.argument_parser.defaults.DefaultArgumentsDecorator object at 0x7f79527c71f0>, verb_extension=<colcon_core.verb.build.BuildVerb object at 0x7f7952fc3a90>, main=<bound method BuildVerb.main of <colcon_core.verb.build.BuildVerb object at 0x7f7952fc3a90>>)
[0.279s] Level 1:colcon.colcon_core.package_discovery:discover_packages(colcon_meta) check parameters
[0.279s] Level 1:colcon.colcon_core.package_discovery:discover_packages(recursive) check parameters
[0.279s] Level 1:colcon.colcon_core.package_discovery:discover_packages(ignore) check parameters
[0.279s] Level 1:colcon.colcon_core.package_discovery:discover_packages(path) check parameters
[0.279s] Level 1:colcon.colcon_core.package_discovery:discover_packages(colcon_meta) discover
[0.279s] Level 1:colcon.colcon_core.package_discovery:discover_packages(recursive) discover
[0.279s] INFO:colcon.colcon_core.package_discovery:Crawling recursively for packages in '/home/unruly/testcm30082ros'
[0.279s] Level 1:colcon.colcon_core.package_identification:_identify(.) by extensions ['ignore', 'ignore_ament_install']
[0.280s] Level 1:colcon.colcon_core.package_identification:_identify(.) by extension 'ignore'
[0.280s] Level 1:colcon.colcon_core.package_identification:_identify(.) by extension 'ignore_ament_install'
[0.280s] Level 1:colcon.colcon_core.package_identification:_identify(.) by extensions ['colcon_pkg']
[0.280s] Level 1:colcon.colcon_core.package_identification:_identify(.) by extension 'colcon_pkg'
[0.280s] Level 1:colcon.colcon_core.package_identification:_identify(.) by extensions ['colcon_meta']
[0.280s] Level 1:colcon.colcon_core.package_identification:_identify(.) by extension 'colcon_meta'
[0.280s] Level 1:colcon.colcon_core.package_identification:_identify(.) by extensions ['ros']
[0.280s] Level 1:colcon.colcon_core.package_identification:_identify(.) by extension 'ros'
[0.290s] Level 1:colcon.colcon_core.package_identification:_identify(.) by extensions ['cmake', 'python']
[0.290s] Level 1:colcon.colcon_core.package_identification:_identify(.) by extension 'cmake'
[0.290s] Level 1:colcon.colcon_core.package_identification:_identify(.) by extension 'python'
[0.290s] Level 1:colcon.colcon_core.package_identification:_identify(.) by extensions ['python_setup_py']
[0.290s] Level 1:colcon.colcon_core.package_identification:_identify(.) by extension 'python_setup_py'
[0.290s] Level 1:colcon.colcon_core.package_identification:_identify(build) by extensions ['ignore', 'ignore_ament_install']
[0.290s] Level 1:colcon.colcon_core.package_identification:_identify(build) by extension 'ignore'
[0.290s] Level 1:colcon.colcon_core.package_identification:_identify(build) ignored
[0.290s] Level 1:colcon.colcon_core.package_identification:_identify(install) by extensions ['ignore', 'ignore_ament_install']
[0.290s] Level 1:colcon.colcon_core.package_identification:_identify(install) by extension 'ignore'
[0.290s] Level 1:colcon.colcon_core.package_identification:_identify(install) ignored
[0.290s] Level 1:colcon.colcon_core.package_identification:_identify(log) by extensions ['ignore', 'ignore_ament_install']
[0.291s] Level 1:colcon.colcon_core.package_identification:_identify(log) by extension 'ignore'
[0.291s] Level 1:colcon.colcon_core.package_identification:_identify(log) ignored
[0.291s] Level 1:colcon.colcon_core.package_identification:_identify(src) by extensions ['ignore', 'ignore_ament_install']
[0.291s] Level 1:colcon.colcon_core.package_identification:_identify(src) by extension 'ignore'
[0.291s] Level 1:colcon.colcon_core.package_identification:_identify(src) by extension 'ignore_ament_install'
[0.291s] Level 1:colcon.colcon_core.package_identification:_identify(src) by extensions ['colcon_pkg']
[0.291s] Level 1:colcon.colcon_core.package_identification:_identify(src) by extension 'colcon_pkg'
[0.291s] Level 1:colcon.colcon_core.package_identification:_identify(src) by extensions ['colcon_meta']
[0.291s] Level 1:colcon.colcon_core.package_identification:_identify(src) by extension 'colcon_meta'
[0.291s] Level 1:colcon.colcon_core.package_identification:_identify(src) by extensions ['ros']
[0.291s] Level 1:colcon.colcon_core.package_identification:_identify(src) by extension 'ros'
[0.291s] Level 1:colcon.colcon_core.package_identification:_identify(src) by extensions ['cmake', 'python']
[0.291s] Level 1:colcon.colcon_core.package_identification:_identify(src) by extension 'cmake'
[0.291s] Level 1:colcon.colcon_core.package_identification:_identify(src) by extension 'python'
[0.291s] Level 1:colcon.colcon_core.package_identification:_identify(src) by extensions ['python_setup_py']
[0.292s] Level 1:colcon.colcon_core.package_identification:_identify(src) by extension 'python_setup_py'
[0.292s] Level 1:colcon.colcon_core.package_identification:_identify(src/start_reinforcement_learning) by extensions ['ignore', 'ignore_ament_install']
[0.292s] Level 1:colcon.colcon_core.package_identification:_identify(src/start_reinforcement_learning) by extension 'ignore'
[0.292s] Level 1:colcon.colcon_core.package_identification:_identify(src/start_reinforcement_learning) by extension 'ignore_ament_install'
[0.292s] Level 1:colcon.colcon_core.package_identification:_identify(src/start_reinforcement_learning) by extensions ['colcon_pkg']
[0.292s] Level 1:colcon.colcon_core.package_identification:_identify(src/start_reinforcement_learning) by extension 'colcon_pkg'
[0.292s] Level 1:colcon.colcon_core.package_identification:_identify(src/start_reinforcement_learning) by extensions ['colcon_meta']
[0.292s] Level 1:colcon.colcon_core.package_identification:_identify(src/start_reinforcement_learning) by extension 'colcon_meta'
[0.292s] Level 1:colcon.colcon_core.package_identification:_identify(src/start_reinforcement_learning) by extensions ['ros']
[0.292s] Level 1:colcon.colcon_core.package_identification:_identify(src/start_reinforcement_learning) by extension 'ros'
[0.294s] DEBUG:colcon.colcon_core.package_identification:Package 'src/start_reinforcement_learning' with type 'ros.ament_python' and name 'start_reinforcement_learning'
[0.294s] Level 1:colcon.colcon_core.package_identification:_identify(src/start_rl_environment) by extensions ['ignore', 'ignore_ament_install']
[0.294s] Level 1:colcon.colcon_core.package_identification:_identify(src/start_rl_environment) by extension 'ignore'
[0.294s] Level 1:colcon.colcon_core.package_identification:_identify(src/start_rl_environment) by extension 'ignore_ament_install'
[0.295s] Level 1:colcon.colcon_core.package_identification:_identify(src/start_rl_environment) by extensions ['colcon_pkg']
[0.295s] Level 1:colcon.colcon_core.package_identification:_identify(src/start_rl_environment) by extension 'colcon_pkg'
[0.295s] Level 1:colcon.colcon_core.package_identification:_identify(src/start_rl_environment) by extensions ['colcon_meta']
[0.295s] Level 1:colcon.colcon_core.package_identification:_identify(src/start_rl_environment) by extension 'colcon_meta'
[0.295s] Level 1:colcon.colcon_core.package_identification:_identify(src/start_rl_environment) by extensions ['ros']
[0.295s] Level 1:colcon.colcon_core.package_identification:_identify(src/start_rl_environment) by extension 'ros'
[0.295s] DEBUG:colcon.colcon_core.package_identification:Package 'src/start_rl_environment' with type 'ros.ament_cmake' and name 'start_rl_environment'
[0.295s] Level 1:colcon.colcon_core.package_discovery:discover_packages(recursive) using defaults
[0.296s] Level 1:colcon.colcon_core.package_discovery:discover_packages(ignore) discover
[0.296s] Level 1:colcon.colcon_core.package_discovery:discover_packages(ignore) using defaults
[0.296s] Level 1:colcon.colcon_core.package_discovery:discover_packages(path) discover
[0.296s] Level 1:colcon.colcon_core.package_discovery:discover_packages(path) using defaults
[0.315s] Level 1:colcon.colcon_core.package_discovery:discover_packages(prefix_path) check parameters
[0.315s] Level 1:colcon.colcon_core.package_discovery:discover_packages(prefix_path) discover
[0.317s] DEBUG:colcon.colcon_installed_package_information.package_discovery:Found 2 installed packages in /home/unruly/testcm30082ros/install
[0.319s] DEBUG:colcon.colcon_installed_package_information.package_discovery:Found 279 installed packages in /opt/ros/humble
[0.320s] Level 1:colcon.colcon_core.package_discovery:discover_packages(prefix_path) using defaults
[0.375s] Level 5:colcon.colcon_core.verb:set package 'start_reinforcement_learning' build argument 'cmake_args' from command line to 'None'
[0.375s] Level 5:colcon.colcon_core.verb:set package 'start_reinforcement_learning' build argument 'cmake_target' from command line to 'None'
[0.375s] Level 5:colcon.colcon_core.verb:set package 'start_reinforcement_learning' build argument 'cmake_target_skip_unavailable' from command line to 'False'
[0.375s] Level 5:colcon.colcon_core.verb:set package 'start_reinforcement_learning' build argument 'cmake_clean_cache' from command line to 'False'
[0.375s] Level 5:colcon.colcon_core.verb:set package 'start_reinforcement_learning' build argument 'cmake_clean_first' from command line to 'False'
[0.375s] Level 5:colcon.colcon_core.verb:set package 'start_reinforcement_learning' build argument 'cmake_force_configure' from command line to 'False'
[0.375s] Level 5:colcon.colcon_core.verb:set package 'start_reinforcement_learning' build argument 'ament_cmake_args' from command line to 'None'
[0.375s] Level 5:colcon.colcon_core.verb:set package 'start_reinforcement_learning' build argument 'catkin_cmake_args' from command line to 'None'
[0.375s] Level 5:colcon.colcon_core.verb:set package 'start_reinforcement_learning' build argument 'catkin_skip_building_tests' from command line to 'False'
[0.375s] DEBUG:colcon.colcon_core.verb:Building package 'start_reinforcement_learning' with the following arguments: {'ament_cmake_args': None, 'build_base': '/home/unruly/testcm30082ros/build/start_reinforcement_learning', 'catkin_cmake_args': None, 'catkin_skip_building_tests': False, 'cmake_args': None, 'cmake_clean_cache': False, 'cmake_clean_first': False, 'cmake_force_configure': False, 'cmake_target': None, 'cmake_target_skip_unavailable': False, 'install_base': '/home/unruly/testcm30082ros/install/start_reinforcement_learning', 'merge_install': False, 'path': '/home/unruly/testcm30082ros/src/start_reinforcement_learning', 'symlink_install': True, 'test_result_base': None}
[0.376s] Level 5:colcon.colcon_core.verb:set package 'start_rl_environment' build argument 'cmake_args' from command line to 'None'
[0.376s] Level 5:colcon.colcon_core.verb:set package 'start_rl_environment' build argument 'cmake_target' from command line to 'None'
[0.376s] Level 5:colcon.colcon_core.verb:set package 'start_rl_environment' build argument 'cmake_target_skip_unavailable' from command line to 'False'
[0.376s] Level 5:colcon.colcon_core.verb:set package 'start_rl_environment' build argument 'cmake_clean_cache' from command line to 'False'
[0.376s] Level 5:colcon.colcon_core.verb:set package 'start_rl_environment' build argument 'cmake_clean_first' from command line to 'False'
[0.376s] Level 5:colcon.colcon_core.verb:set package 'start_rl_environment' build argument 'cmake_force_configure' from command line to 'False'
[0.376s] Level 5:colcon.colcon_core.verb:set package 'start_rl_environment' build argument 'ament_cmake_args' from command line to 'None'
[0.376s] Level 5:colcon.colcon_core.verb:set package 'start_rl_environment' build argument 'catkin_cmake_args' from command line to 'None'
[0.376s] Level 5:colcon.colcon_core.verb:set package 'start_rl_environment' build argument 'catkin_skip_building_tests' from command line to 'False'
[0.376s] DEBUG:colcon.colcon_core.verb:Building package 'start_rl_environment' with the following arguments: {'ament_cmake_args': None, 'build_base': '/home/unruly/testcm30082ros/build/start_rl_environment', 'catkin_cmake_args': None, 'catkin_skip_building_tests': False, 'cmake_args': None, 'cmake_clean_cache': False, 'cmake_clean_first': False, 'cmake_force_configure': False, 'cmake_target': None, 'cmake_target_skip_unavailable': False, 'install_base': '/home/unruly/testcm30082ros/install/start_rl_environment', 'merge_install': False, 'path': '/home/unruly/testcm30082ros/src/start_rl_environment', 'symlink_install': True, 'test_result_base': None}
[0.377s] INFO:colcon.colcon_core.executor:Executing jobs using 'parallel' executor
[0.379s] DEBUG:colcon.colcon_parallel_executor.executor.parallel:run_until_complete
[0.380s] INFO:colcon.colcon_ros.task.ament_python.build:Building ROS package in '/home/unruly/testcm30082ros/src/start_reinforcement_learning' with build type 'ament_python'
[0.380s] Level 1:colcon.colcon_core.shell:create_environment_hook('start_reinforcement_learning', 'ament_prefix_path')
[0.385s] INFO:colcon.colcon_core.plugin_system:Skipping extension 'colcon_core.shell.bat': Not used on non-Windows systems
[0.385s] INFO:colcon.colcon_core.shell:Creating environment hook '/home/unruly/testcm30082ros/install/start_reinforcement_learning/share/start_reinforcement_learning/hook/ament_prefix_path.ps1'
[0.386s] INFO:colcon.colcon_core.shell:Creating environment descriptor '/home/unruly/testcm30082ros/install/start_reinforcement_learning/share/start_reinforcement_learning/hook/ament_prefix_path.dsv'
[0.386s] INFO:colcon.colcon_core.shell:Creating environment hook '/home/unruly/testcm30082ros/install/start_reinforcement_learning/share/start_reinforcement_learning/hook/ament_prefix_path.sh'
[0.388s] INFO:colcon.colcon_core.shell:Skip shell extension 'powershell' for command environment: Not usable outside of PowerShell
[0.388s] DEBUG:colcon.colcon_core.shell:Skip shell extension 'dsv' for command environment
[0.392s] INFO:colcon.colcon_ros.task.ament_cmake.build:Building ROS package in '/home/unruly/testcm30082ros/src/start_rl_environment' with build type 'ament_cmake'
[0.392s] INFO:colcon.colcon_cmake.task.cmake.build:Building CMake package in '/home/unruly/testcm30082ros/src/start_rl_environment'
[0.393s] INFO:colcon.colcon_core.shell:Skip shell extension 'powershell' for command environment: Not usable outside of PowerShell
[0.393s] DEBUG:colcon.colcon_core.shell:Skip shell extension 'dsv' for command environment
[0.608s] INFO:colcon.colcon_core.task.python.build:Building Python package in '/home/unruly/testcm30082ros/src/start_reinforcement_learning'
[0.609s] INFO:colcon.colcon_core.shell:Skip shell extension 'powershell' for command environment: Not usable outside of PowerShell
[0.609s] DEBUG:colcon.colcon_core.shell:Skip shell extension 'dsv' for command environment
[0.618s] DEBUG:colcon.colcon_core.event_handler.log_command:Invoking command in '/home/unruly/testcm30082ros/build/start_rl_environment': CMAKE_PREFIX_PATH=${CMAKE_PREFIX_PATH}:/home/unruly/testcm30082ros/install/start_reinforcement_learning:/opt/ros/humble /usr/bin/cmake --build /home/unruly/testcm30082ros/build/start_rl_environment -- -j12 -l12
[0.653s] DEBUG:colcon.colcon_core.event_handler.log_command:Invoked command in '/home/unruly/testcm30082ros/build/start_rl_environment' returned '0': CMAKE_PREFIX_PATH=${CMAKE_PREFIX_PATH}:/home/unruly/testcm30082ros/install/start_reinforcement_learning:/opt/ros/humble /usr/bin/cmake --build /home/unruly/testcm30082ros/build/start_rl_environment -- -j12 -l12
[0.682s] DEBUG:colcon.colcon_core.event_handler.log_command:Invoking command in '/home/unruly/testcm30082ros/build/start_rl_environment': CMAKE_PREFIX_PATH=${CMAKE_PREFIX_PATH}:/home/unruly/testcm30082ros/install/start_reinforcement_learning:/opt/ros/humble /usr/bin/cmake --install /home/unruly/testcm30082ros/build/start_rl_environment
[0.707s] Level 1:colcon.colcon_core.environment:create_environment_scripts_only(start_rl_environment)
[0.708s] DEBUG:colcon.colcon_core.event_handler.log_command:Invoked command in '/home/unruly/testcm30082ros/build/start_rl_environment' returned '0': CMAKE_PREFIX_PATH=${CMAKE_PREFIX_PATH}:/home/unruly/testcm30082ros/install/start_reinforcement_learning:/opt/ros/humble /usr/bin/cmake --install /home/unruly/testcm30082ros/build/start_rl_environment
[0.714s] Level 1:colcon.colcon_core.environment:checking '/home/unruly/testcm30082ros/install/start_rl_environment' for CMake module files
[0.715s] Level 1:colcon.colcon_core.environment:checking '/home/unruly/testcm30082ros/install/start_rl_environment' for CMake config files
[0.716s] Level 1:colcon.colcon_core.shell:create_environment_hook('start_rl_environment', 'cmake_prefix_path')
[0.718s] INFO:colcon.colcon_core.shell:Creating environment hook '/home/unruly/testcm30082ros/install/start_rl_environment/share/start_rl_environment/hook/cmake_prefix_path.ps1'
[0.718s] INFO:colcon.colcon_core.shell:Creating environment descriptor '/home/unruly/testcm30082ros/install/start_rl_environment/share/start_rl_environment/hook/cmake_prefix_path.dsv'
[0.719s] INFO:colcon.colcon_core.shell:Creating environment hook '/home/unruly/testcm30082ros/install/start_rl_environment/share/start_rl_environment/hook/cmake_prefix_path.sh'
[0.720s] Level 1:colcon.colcon_core.environment:checking '/home/unruly/testcm30082ros/install/start_rl_environment/bin'
[0.720s] Level 1:colcon.colcon_core.environment:checking '/home/unruly/testcm30082ros/install/start_rl_environment/lib/pkgconfig/start_rl_environment.pc'
[0.720s] Level 1:colcon.colcon_core.environment:checking '/home/unruly/testcm30082ros/install/start_rl_environment/lib/python3.10/site-packages'
[0.720s] Level 1:colcon.colcon_core.environment:checking '/home/unruly/testcm30082ros/install/start_rl_environment/bin'
[0.722s] INFO:colcon.colcon_core.shell:Creating package script '/home/unruly/testcm30082ros/install/start_rl_environment/share/start_rl_environment/package.ps1'
[0.722s] INFO:colcon.colcon_core.shell:Creating package descriptor '/home/unruly/testcm30082ros/install/start_rl_environment/share/start_rl_environment/package.dsv'
[0.723s] INFO:colcon.colcon_core.shell:Creating package script '/home/unruly/testcm30082ros/install/start_rl_environment/share/start_rl_environment/package.sh'
[0.724s] INFO:colcon.colcon_core.shell:Creating package script '/home/unruly/testcm30082ros/install/start_rl_environment/share/start_rl_environment/package.bash'
[0.724s] INFO:colcon.colcon_core.shell:Creating package script '/home/unruly/testcm30082ros/install/start_rl_environment/share/start_rl_environment/package.zsh'
[0.725s] Level 1:colcon.colcon_core.environment:create_file_with_runtime_dependencies(/home/unruly/testcm30082ros/install/start_rl_environment/share/colcon-core/packages/start_rl_environment)
[0.747s] Level 1:colcon.colcon_core.environment:create_environment_scripts_only(start_rl_environment)
[0.749s] Level 1:colcon.colcon_core.environment:checking '/home/unruly/testcm30082ros/install/start_rl_environment' for CMake module files
[0.749s] Level 1:colcon.colcon_core.environment:checking '/home/unruly/testcm30082ros/install/start_rl_environment' for CMake config files
[0.749s] Level 1:colcon.colcon_core.shell:create_environment_hook('start_rl_environment', 'cmake_prefix_path')
[0.750s] INFO:colcon.colcon_core.shell:Creating environment hook '/home/unruly/testcm30082ros/install/start_rl_environment/share/start_rl_environment/hook/cmake_prefix_path.ps1'
[0.751s] INFO:colcon.colcon_core.shell:Creating environment descriptor '/home/unruly/testcm30082ros/install/start_rl_environment/share/start_rl_environment/hook/cmake_prefix_path.dsv'
[0.751s] INFO:colcon.colcon_core.shell:Creating environment hook '/home/unruly/testcm30082ros/install/start_rl_environment/share/start_rl_environment/hook/cmake_prefix_path.sh'
[0.752s] Level 1:colcon.colcon_core.environment:checking '/home/unruly/testcm30082ros/install/start_rl_environment/bin'
[0.752s] Level 1:colcon.colcon_core.environment:checking '/home/unruly/testcm30082ros/install/start_rl_environment/lib/pkgconfig/start_rl_environment.pc'
[0.752s] Level 1:colcon.colcon_core.environment:checking '/home/unruly/testcm30082ros/install/start_rl_environment/lib/python3.10/site-packages'
[0.752s] Level 1:colcon.colcon_core.environment:checking '/home/unruly/testcm30082ros/install/start_rl_environment/bin'
[0.754s] INFO:colcon.colcon_core.shell:Creating package script '/home/unruly/testcm30082ros/install/start_rl_environment/share/start_rl_environment/package.ps1'
[0.754s] INFO:colcon.colcon_core.shell:Creating package descriptor '/home/unruly/testcm30082ros/install/start_rl_environment/share/start_rl_environment/package.dsv'
[0.754s] INFO:colcon.colcon_core.shell:Creating package script '/home/unruly/testcm30082ros/install/start_rl_environment/share/start_rl_environment/package.sh'
[0.755s] INFO:colcon.colcon_core.shell:Creating package script '/home/unruly/testcm30082ros/install/start_rl_environment/share/start_rl_environment/package.bash'
[0.756s] INFO:colcon.colcon_core.shell:Creating package script '/home/unruly/testcm30082ros/install/start_rl_environment/share/start_rl_environment/package.zsh'
[0.756s] Level 1:colcon.colcon_core.environment:create_file_with_runtime_dependencies(/home/unruly/testcm30082ros/install/start_rl_environment/share/colcon-core/packages/start_rl_environment)
[0.935s] DEBUG:colcon.colcon_core.event_handler.log_command:Invoking command in '/home/unruly/testcm30082ros/build/start_reinforcement_learning': PYTHONPATH=/home/unruly/testcm30082ros/build/start_reinforcement_learning/prefix_override:/home/unruly/testcm30082ros/install/start_reinforcement_learning/lib/python3.10/site-packages:${PYTHONPATH} /usr/bin/python3 setup.py develop --editable --build-directory /home/unruly/testcm30082ros/build/start_reinforcement_learning/build --no-deps install_data
[1.328s] Level 1:colcon.colcon_core.shell:create_environment_hook('start_reinforcement_learning', 'pythonpath_develop')
[1.329s] DEBUG:colcon.colcon_core.event_handler.log_command:Invoked command in '/home/unruly/testcm30082ros/build/start_reinforcement_learning' returned '0': PYTHONPATH=/home/unruly/testcm30082ros/build/start_reinforcement_learning/prefix_override:/home/unruly/testcm30082ros/install/start_reinforcement_learning/lib/python3.10/site-packages:${PYTHONPATH} /usr/bin/python3 setup.py develop --editable --build-directory /home/unruly/testcm30082ros/build/start_reinforcement_learning/build --no-deps install_data
[1.330s] INFO:colcon.colcon_core.shell:Creating environment hook '/home/unruly/testcm30082ros/build/start_reinforcement_learning/share/start_reinforcement_learning/hook/pythonpath_develop.ps1'
[1.330s] INFO:colcon.colcon_core.shell:Creating environment descriptor '/home/unruly/testcm30082ros/build/start_reinforcement_learning/share/start_reinforcement_learning/hook/pythonpath_develop.dsv'
[1.331s] INFO:colcon.colcon_core.shell:Creating environment hook '/home/unruly/testcm30082ros/build/start_reinforcement_learning/share/start_reinforcement_learning/hook/pythonpath_develop.sh'
[1.332s] Level 1:colcon.colcon_core.environment:checking '/home/unruly/testcm30082ros/install/start_reinforcement_learning' for CMake module files
[1.333s] Level 1:colcon.colcon_core.environment:checking '/home/unruly/testcm30082ros/install/start_reinforcement_learning' for CMake config files
[1.333s] Level 1:colcon.colcon_core.environment:checking '/home/unruly/testcm30082ros/install/start_reinforcement_learning/lib'
[1.333s] Level 1:colcon.colcon_core.environment:checking '/home/unruly/testcm30082ros/install/start_reinforcement_learning/bin'
[1.333s] Level 1:colcon.colcon_core.environment:checking '/home/unruly/testcm30082ros/install/start_reinforcement_learning/lib/pkgconfig/start_reinforcement_learning.pc'
[1.334s] Level 1:colcon.colcon_core.environment:checking '/home/unruly/testcm30082ros/install/start_reinforcement_learning/lib/python3.10/site-packages'
[1.334s] Level 1:colcon.colcon_core.shell:create_environment_hook('start_reinforcement_learning', 'pythonpath')
[1.335s] INFO:colcon.colcon_core.shell:Creating environment hook '/home/unruly/testcm30082ros/install/start_reinforcement_learning/share/start_reinforcement_learning/hook/pythonpath.ps1'
[1.335s] INFO:colcon.colcon_core.shell:Creating environment descriptor '/home/unruly/testcm30082ros/install/start_reinforcement_learning/share/start_reinforcement_learning/hook/pythonpath.dsv'
[1.335s] INFO:colcon.colcon_core.shell:Creating environment hook '/home/unruly/testcm30082ros/install/start_reinforcement_learning/share/start_reinforcement_learning/hook/pythonpath.sh'
[1.336s] Level 1:colcon.colcon_core.environment:checking '/home/unruly/testcm30082ros/install/start_reinforcement_learning/bin'
[1.336s] Level 1:colcon.colcon_core.environment:create_environment_scripts_only(start_reinforcement_learning)
[1.337s] INFO:colcon.colcon_core.shell:Creating package script '/home/unruly/testcm30082ros/install/start_reinforcement_learning/share/start_reinforcement_learning/package.ps1'
[1.338s] INFO:colcon.colcon_core.shell:Creating package descriptor '/home/unruly/testcm30082ros/install/start_reinforcement_learning/share/start_reinforcement_learning/package.dsv'
[1.338s] INFO:colcon.colcon_core.shell:Creating package script '/home/unruly/testcm30082ros/install/start_reinforcement_learning/share/start_reinforcement_learning/package.sh'
[1.339s] INFO:colcon.colcon_core.shell:Creating package script '/home/unruly/testcm30082ros/install/start_reinforcement_learning/share/start_reinforcement_learning/package.bash'
[1.339s] INFO:colcon.colcon_core.shell:Creating package script '/home/unruly/testcm30082ros/install/start_reinforcement_learning/share/start_reinforcement_learning/package.zsh'
[1.339s] Level 1:colcon.colcon_core.environment:create_file_with_runtime_dependencies(/home/unruly/testcm30082ros/install/start_reinforcement_learning/share/colcon-core/packages/start_reinforcement_learning)
[1.340s] DEBUG:colcon.colcon_parallel_executor.executor.parallel:closing loop
[1.340s] DEBUG:colcon.colcon_parallel_executor.executor.parallel:loop closed
[1.340s] DEBUG:colcon.colcon_parallel_executor.executor.parallel:run_until_complete finished with '0'
[1.340s] DEBUG:colcon.colcon_core.event_reactor:joining thread
[1.347s] INFO:colcon.colcon_core.plugin_system:Skipping extension 'colcon_notification.desktop_notification.terminal_notifier': Not used on non-Darwin systems
[1.347s] INFO:colcon.colcon_core.plugin_system:Skipping extension 'colcon_notification.desktop_notification.win32': Not used on non-Windows systems
[1.347s] INFO:colcon.colcon_notification.desktop_notification:Sending desktop notification using 'notify2'
[1.359s] DEBUG:colcon.colcon_core.event_reactor:joined thread
[1.361s] INFO:colcon.colcon_core.shell:Creating prefix script '/home/unruly/testcm30082ros/install/local_setup.ps1'
[1.362s] INFO:colcon.colcon_core.shell:Creating prefix util module '/home/unruly/testcm30082ros/install/_local_setup_util_ps1.py'
[1.363s] INFO:colcon.colcon_core.shell:Creating prefix chain script '/home/unruly/testcm30082ros/install/setup.ps1'
[1.364s] INFO:colcon.colcon_core.shell:Creating prefix script '/home/unruly/testcm30082ros/install/local_setup.sh'
[1.365s] INFO:colcon.colcon_core.shell:Creating prefix util module '/home/unruly/testcm30082ros/install/_local_setup_util_sh.py'
[1.365s] INFO:colcon.colcon_core.shell:Creating prefix chain script '/home/unruly/testcm30082ros/install/setup.sh'
[1.367s] INFO:colcon.colcon_core.shell:Creating prefix script '/home/unruly/testcm30082ros/install/local_setup.bash'
[1.367s] INFO:colcon.colcon_core.shell:Creating prefix chain script '/home/unruly/testcm30082ros/install/setup.bash'
[1.368s] INFO:colcon.colcon_core.shell:Creating prefix script '/home/unruly/testcm30082ros/install/local_setup.zsh'
[1.369s] INFO:colcon.colcon_core.shell:Creating prefix chain script '/home/unruly/testcm30082ros/install/setup.zsh'
