-- Install configuration: ""
-- Execute custom install script
-- Up-to-date symlink: /home/unruly/testcm30082ros/install/start_rl_environment/share/start_rl_environment/description/gazebo_control.xacro
-- Up-to-date symlink: /home/unruly/testcm30082ros/install/start_rl_environment/share/start_rl_environment/description/inertial_macros.xacro
-- Up-to-date symlink: /home/unruly/testcm30082ros/install/start_rl_environment/share/start_rl_environment/description/lidar.xacro
-- Up-to-date symlink: /home/unruly/testcm30082ros/install/start_rl_environment/share/start_rl_environment/description/robot.urdf.xacro
-- Up-to-date symlink: /home/unruly/testcm30082ros/install/start_rl_environment/share/start_rl_environment/description/robot_core.xacro
-- Symlinking: /home/unruly/testcm30082ros/install/start_rl_environment/share/start_rl_environment/launch/main.launch.py
-- Up-to-date symlink: /home/unruly/testcm30082ros/install/start_rl_environment/share/start_rl_environment/launch/spawn_robots.launch.py
-- Up-to-date symlink: /home/unruly/testcm30082ros/install/start_rl_environment/share/start_rl_environment/launch/start_robots.launch.py
-- Up-to-date symlink: /home/unruly/testcm30082ros/install/start_rl_environment/share/start_rl_environment/launch/start_world.launch.py
-- Up-to-date symlink: /home/unruly/testcm30082ros/install/start_rl_environment/share/start_rl_environment/worlds/map1.world
-- Up-to-date symlink: /home/unruly/testcm30082ros/install/start_rl_environment/share/start_rl_environment/worlds/map2.world
-- Up-to-date symlink: /home/unruly/testcm30082ros/install/start_rl_environment/share/start_rl_environment/models/cylinder_g/model.config
-- Up-to-date symlink: /home/unruly/testcm30082ros/install/start_rl_environment/share/start_rl_environment/models/cylinder_g/model.sdf
-- Up-to-date symlink: /home/unruly/testcm30082ros/install/start_rl_environment/share/start_rl_environment/models/goal_box/model.config
-- Up-to-date symlink: /home/unruly/testcm30082ros/install/start_rl_environment/share/start_rl_environment/models/goal_box/model.sdf
-- Up-to-date symlink: /home/unruly/testcm30082ros/install/start_rl_environment/share/start_rl_environment/models/grey_wall/materials/scripts/grey_wall.material
-- Up-to-date symlink: /home/unruly/testcm30082ros/install/start_rl_environment/share/start_rl_environment/models/grey_wall/materials/textures/grey_wall.png
-- Up-to-date symlink: /home/unruly/testcm30082ros/install/start_rl_environment/share/start_rl_environment/models/grey_wall/model-1_3.sdf
-- Up-to-date symlink: /home/unruly/testcm30082ros/install/start_rl_environment/share/start_rl_environment/models/grey_wall/model-1_4.sdf
-- Up-to-date symlink: /home/unruly/testcm30082ros/install/start_rl_environment/share/start_rl_environment/models/grey_wall/model.config
-- Up-to-date symlink: /home/unruly/testcm30082ros/install/start_rl_environment/share/start_rl_environment/models/grey_wall/model.sdf
-- Up-to-date symlink: /home/unruly/testcm30082ros/install/start_rl_environment/share/start_rl_environment/models/ground_plane/model-1_2.sdf
-- Up-to-date symlink: /home/unruly/testcm30082ros/install/start_rl_environment/share/start_rl_environment/models/ground_plane/model-1_3.sdf
-- Up-to-date symlink: /home/unruly/testcm30082ros/install/start_rl_environment/share/start_rl_environment/models/ground_plane/model-1_4.sdf
-- Up-to-date symlink: /home/unruly/testcm30082ros/install/start_rl_environment/share/start_rl_environment/models/ground_plane/model.config
-- Up-to-date symlink: /home/unruly/testcm30082ros/install/start_rl_environment/share/start_rl_environment/models/ground_plane/model.sdf
-- Up-to-date symlink: /home/unruly/testcm30082ros/install/start_rl_environment/share/ament_index/resource_index/package_run_dependencies/start_rl_environment
-- Up-to-date symlink: /home/unruly/testcm30082ros/install/start_rl_environment/share/ament_index/resource_index/parent_prefix_path/start_rl_environment
-- Up-to-date symlink: /home/unruly/testcm30082ros/install/start_rl_environment/share/start_rl_environment/environment/ament_prefix_path.sh
-- Up-to-date symlink: /home/unruly/testcm30082ros/install/start_rl_environment/share/start_rl_environment/environment/ament_prefix_path.dsv
-- Up-to-date symlink: /home/unruly/testcm30082ros/install/start_rl_environment/share/start_rl_environment/environment/path.sh
-- Up-to-date symlink: /home/unruly/testcm30082ros/install/start_rl_environment/share/start_rl_environment/environment/path.dsv
-- Up-to-date symlink: /home/unruly/testcm30082ros/install/start_rl_environment/share/start_rl_environment/local_setup.bash
-- Up-to-date symlink: /home/unruly/testcm30082ros/install/start_rl_environment/share/start_rl_environment/local_setup.sh
-- Up-to-date symlink: /home/unruly/testcm30082ros/install/start_rl_environment/share/start_rl_environment/local_setup.zsh
-- Up-to-date symlink: /home/unruly/testcm30082ros/install/start_rl_environment/share/start_rl_environment/local_setup.dsv
-- Symlinking: /home/unruly/testcm30082ros/install/start_rl_environment/share/start_rl_environment/package.dsv
-- Up-to-date symlink: /home/unruly/testcm30082ros/install/start_rl_environment/share/ament_index/resource_index/packages/start_rl_environment
-- Up-to-date symlink: /home/unruly/testcm30082ros/install/start_rl_environment/share/start_rl_environment/cmake/start_rl_environmentConfig.cmake
-- Up-to-date symlink: /home/unruly/testcm30082ros/install/start_rl_environment/share/start_rl_environment/cmake/start_rl_environmentConfig-version.cmake
-- Up-to-date symlink: /home/unruly/testcm30082ros/install/start_rl_environment/share/start_rl_environment/package.xml
